
Showing logs for build [32mcb-kubecd-environment-pr-65-2-b-m59h6-1[0m stage [32mfrom-build-pack[0m and container [32mstep-credential-initializer-w8zc4[0m
{"level":"warn","ts":1574164652.4735281,"logger":"fallback-logger","caller":"logging/config.go:69","msg":"Fetch GitHub commit ID from kodata failed: \"ref: refs/heads/master\" is not a valid GitHub commit ID"}
{"level":"info","ts":1574164652.478989,"logger":"fallback-logger","caller":"creds-init/main.go:40","msg":"Credentials initialized."}

Showing logs for build [32mcb-kubecd-environment-pr-65-2-b-m59h6-1[0m stage [32mfrom-build-pack[0m and container [32mstep-working-dir-initializer-47tbb[0m
{"level":"warn","ts":1574164653.4779217,"logger":"fallback-logger","caller":"logging/config.go:69","msg":"Fetch GitHub commit ID from kodata failed: open /var/run/ko/HEAD: no such file or directory"}
{"level":"info","ts":1574164653.4797966,"logger":"fallback-logger","caller":"bash/main.go:65","msg":"Successfully executed command \"mkdir -p /workspace/source\""}

Showing logs for build [32mcb-kubecd-environment-pr-65-2-b-m59h6-1[0m stage [32mfrom-build-pack[0m and container [32mstep-place-tools[0m

Showing logs for build [32mcb-kubecd-environment-pr-65-2-b-m59h6-1[0m stage [32mfrom-build-pack[0m and container [32mstep-git-source-cb-kubecd-environment-pr-65-2-b-2hsns[0m
{"level":"warn","ts":1574164657.4595308,"logger":"fallback-logger","caller":"logging/config.go:69","msg":"Fetch GitHub commit ID from kodata failed: \"ref: refs/heads/master\" is not a valid GitHub commit ID"}
{"level":"info","ts":1574164658.527914,"logger":"fallback-logger","caller":"git/git.go:102","msg":"Successfully cloned https://github.com/cb-kubecd/environment-pr-65-2-boot-vault-gke-production.git @ master in path /workspace/source"}

Showing logs for build [32mcb-kubecd-environment-pr-65-2-b-m59h6-1[0m stage [32mfrom-build-pack[0m and container [32mstep-git-merge[0m
Using SHAs from PULL_REFS=master:bc048fe86e085c39cc64398612032963abf54113,1:acc3b1c795e0c0a6db7e229af6ba58f0de77b3da
DEBUG: ran git fetch --unshallow origin acc3b1c795e0c0a6db7e229af6ba58f0de77b3da: bc048fe86e085c39cc64398612032963abf54113: in 
DEBUG: ran git checkout master in 
DEBUG: ran git reset --hard bc048fe86e085c39cc64398612032963abf54113 in 
DEBUG: ran clean --force -d . in 
DEBUG: ran git merge acc3b1c795e0c0a6db7e229af6ba58f0de77b3da in 
Merged SHA acc3b1c795e0c0a6db7e229af6ba58f0de77b3da with commit message 'chore: Promote bdd-spring-1574163031 to version 0.0.1' into base branch master

Showing logs for build [32mcb-kubecd-environment-pr-65-2-b-m59h6-1[0m stage [32mfrom-build-pack[0m and container [32mstep-build-helm-build[0m
WARNING: No $CHART_REPOSITORY defined so using the default value of: http://jenkins-x-chartmuseum:8080
Adding missing Helm repo: storage.googleapis.com https://storage.googleapis.com/chartmuseum.jenkins-x.io
Read credentials for https://storage.googleapis.com/chartmuseum.jenkins-x.io from vault helm/repos
Successfully added Helm repository storage.googleapis.com.
Adding missing Helm repo: jenkins-x-chartmuseum http://jenkins-x-chartmuseum:8080
Read credentials for http://jenkins-x-chartmuseum:8080 from vault helm/repos
Successfully added Helm repository jenkins-x-chartmuseum.
WARNING: No $CHART_REPOSITORY defined so using the default value of: http://jenkins-x-chartmuseum:8080
Adding missing Helm repo: chartmuseum.jenkins-x.io http://chartmuseum.jenkins-x.io
Read credentials for http://chartmuseum.jenkins-x.io from vault helm/repos
Successfully added Helm repository chartmuseum.jenkins-x.io.
